<?xml version="1.0"?>
<!DOCTYPE items [
<!ELEMENT items (item*)>
<!ATTLIST items burpVersion CDATA "">
<!ATTLIST items exportTime CDATA "">
<!ELEMENT item (time, url, host, port, protocol, method, path, extension, request, status, responselength, mimetype, response, comment)>
<!ELEMENT time (#PCDATA)>
<!ELEMENT url (#PCDATA)>
<!ELEMENT host (#PCDATA)>
<!ATTLIST host ip CDATA "">
<!ELEMENT port (#PCDATA)>
<!ELEMENT protocol (#PCDATA)>
<!ELEMENT method (#PCDATA)>
<!ELEMENT path (#PCDATA)>
<!ELEMENT extension (#PCDATA)>
<!ELEMENT request (#PCDATA)>
<!ATTLIST request base64 (true|false) "false">
<!ELEMENT status (#PCDATA)>
<!ELEMENT responselength (#PCDATA)>
<!ELEMENT mimetype (#PCDATA)>
<!ELEMENT response (#PCDATA)>
<!ATTLIST response base64 (true|false) "false">
<!ELEMENT comment (#PCDATA)>
]>
<items burpVersion="2024.7.6" exportTime="Sat Oct 19 19:48:13 IST 2024">
</items>
